<?xml version="1.0" encoding="UTF-8"?>
<testsuites name="Mocha Tests" time="1.204" tests="14" failures="10">
  <testsuite name="Root Suite" timestamp="2020-07-21T19:44:00" tests="0" file="cypress/integration/APITesting.js" failures="0" time="0">
  </testsuite>
  <testsuite name="Automated tests for the omar-oms methods" timestamp="2020-07-21T19:44:00" tests="14" failures="10" time="1.204">
    <testcase name="Automated tests for the omar-oms methods Should test 200 code for chip default values" time="0" classname="Should test 200 code for chip default values">
      <failure message="`cy.request()` failed on:

https://omar.ossim.io/omar-oms/chipper/chip?filename=/data/s3/adhoc/16SEP08110841-M1BS-055998376010_01_P006.TIF

The response we received from your web server was:

  &gt; 400: Bad Request

This was considered a failure because the status code was not `2xx` or `3xx`.

If you do not want status codes to cause failures pass the option: `failOnStatusCode: false`

-----------------------------------------------------------

The request we sent was:

Method: GET
URL: https://omar.ossim.io/omar-oms/chipper/chip?filename=/data/s3/adhoc/16SEP08110841-M1BS-055998376010_01_P006.TIF
Headers: {
  &quot;Connection&quot;: &quot;keep-alive&quot;,
  &quot;user-agent&quot;: &quot;Mozilla/5.0 (X11; Linux x86_64) AppleWebKit/537.36 (KHTML, like Gecko) Cypress/4.11.0 Chrome/80.0.3987.165 Electron/8.3.1 Safari/537.36&quot;,
  &quot;accept&quot;: &quot;*/*&quot;,
  &quot;accept-encoding&quot;: &quot;gzip, deflate&quot;
}

-----------------------------------------------------------

The response we got was:

Status: 400 - Bad Request
Headers: {
  &quot;server&quot;: &quot;nginx/1.17.10&quot;,
  &quot;date&quot;: &quot;Tue, 21 Jul 2020 19:44:05 GMT&quot;,
  &quot;content-type&quot;: &quot;text/plain&quot;,
  &quot;content-length&quot;: &quot;62&quot;,
  &quot;connection&quot;: &quot;keep-alive&quot;,
  &quot;strict-transport-security&quot;: &quot;max-age=15724800; includeSubDomains&quot;
}
Body: Parameter values are invalid. Please check the paramter format


https://on.cypress.io/request" type="CypressError"><![CDATA[CypressError: `cy.request()` failed on:

https://omar.ossim.io/omar-oms/chipper/chip?filename=/data/s3/adhoc/16SEP08110841-M1BS-055998376010_01_P006.TIF

The response we received from your web server was:

  > 400: Bad Request

This was considered a failure because the status code was not `2xx` or `3xx`.

If you do not want status codes to cause failures pass the option: `failOnStatusCode: false`

-----------------------------------------------------------

The request we sent was:

Method: GET
URL: https://omar.ossim.io/omar-oms/chipper/chip?filename=/data/s3/adhoc/16SEP08110841-M1BS-055998376010_01_P006.TIF
Headers: {
  "Connection": "keep-alive",
  "user-agent": "Mozilla/5.0 (X11; Linux x86_64) AppleWebKit/537.36 (KHTML, like Gecko) Cypress/4.11.0 Chrome/80.0.3987.165 Electron/8.3.1 Safari/537.36",
  "accept": "*/*",
  "accept-encoding": "gzip, deflate"
}

-----------------------------------------------------------

The response we got was:

Status: 400 - Bad Request
Headers: {
  "server": "nginx/1.17.10",
  "date": "Tue, 21 Jul 2020 19:44:05 GMT",
  "content-type": "text/plain",
  "content-length": "62",
  "connection": "keep-alive",
  "strict-transport-security": "max-age=15724800; includeSubDomains"
}
Body: Parameter values are invalid. Please check the paramter format


https://on.cypress.io/request
    at https://omar.ossim.io/__cypress/runner/cypress_runner.js:157692:21
    at tryCatcher (https://omar.ossim.io/__cypress/runner/cypress_runner.js:9956:23)
    at Promise._settlePromiseFromHandler (https://omar.ossim.io/__cypress/runner/cypress_runner.js:7891:31)
    at Promise._settlePromise (https://omar.ossim.io/__cypress/runner/cypress_runner.js:7948:18)
    at Promise._settlePromise0 (https://omar.ossim.io/__cypress/runner/cypress_runner.js:7993:10)
    at Promise._settlePromises (https://omar.ossim.io/__cypress/runner/cypress_runner.js:8073:18)
    at _drainQueueStep (https://omar.ossim.io/__cypress/runner/cypress_runner.js:4663:12)
    at _drainQueue (https://omar.ossim.io/__cypress/runner/cypress_runner.js:4656:9)
    at Async.../../node_modules/bluebird/js/release/async.js.Async._drainQueues (https://omar.ossim.io/__cypress/runner/cypress_runner.js:4672:5)
    at Async.drainQueues (https://omar.ossim.io/__cypress/runner/cypress_runner.js:4542:14)
From Your Spec Code:
    at Context.eval (https://omar.ossim.io/__cypress/tests?p=cypress/integration/APITesting.js:21:12)]]></failure>
    </testcase>
    <testcase name="Automated tests for the omar-oms methods Should test response header for chip" time="0" classname="Should test response header for chip">
      <failure message="`cy.request()` failed on:

https://omar.ossim.io/omar-oms/chipper/chip?filename=/data/s3/adhoc/16SEP08110841-M1BS-055998376010_01_P006.TIF

The response we received from your web server was:

  &gt; 400: Bad Request

This was considered a failure because the status code was not `2xx` or `3xx`.

If you do not want status codes to cause failures pass the option: `failOnStatusCode: false`

-----------------------------------------------------------

The request we sent was:

Method: GET
URL: https://omar.ossim.io/omar-oms/chipper/chip?filename=/data/s3/adhoc/16SEP08110841-M1BS-055998376010_01_P006.TIF
Headers: {
  &quot;Connection&quot;: &quot;keep-alive&quot;,
  &quot;user-agent&quot;: &quot;Mozilla/5.0 (X11; Linux x86_64) AppleWebKit/537.36 (KHTML, like Gecko) Cypress/4.11.0 Chrome/80.0.3987.165 Electron/8.3.1 Safari/537.36&quot;,
  &quot;accept&quot;: &quot;*/*&quot;,
  &quot;accept-encoding&quot;: &quot;gzip, deflate&quot;
}

-----------------------------------------------------------

The response we got was:

Status: 400 - Bad Request
Headers: {
  &quot;server&quot;: &quot;nginx/1.17.10&quot;,
  &quot;date&quot;: &quot;Tue, 21 Jul 2020 19:44:05 GMT&quot;,
  &quot;content-type&quot;: &quot;text/plain&quot;,
  &quot;content-length&quot;: &quot;62&quot;,
  &quot;connection&quot;: &quot;keep-alive&quot;,
  &quot;strict-transport-security&quot;: &quot;max-age=15724800; includeSubDomains&quot;
}
Body: Parameter values are invalid. Please check the paramter format


https://on.cypress.io/request" type="CypressError"><![CDATA[CypressError: `cy.request()` failed on:

https://omar.ossim.io/omar-oms/chipper/chip?filename=/data/s3/adhoc/16SEP08110841-M1BS-055998376010_01_P006.TIF

The response we received from your web server was:

  > 400: Bad Request

This was considered a failure because the status code was not `2xx` or `3xx`.

If you do not want status codes to cause failures pass the option: `failOnStatusCode: false`

-----------------------------------------------------------

The request we sent was:

Method: GET
URL: https://omar.ossim.io/omar-oms/chipper/chip?filename=/data/s3/adhoc/16SEP08110841-M1BS-055998376010_01_P006.TIF
Headers: {
  "Connection": "keep-alive",
  "user-agent": "Mozilla/5.0 (X11; Linux x86_64) AppleWebKit/537.36 (KHTML, like Gecko) Cypress/4.11.0 Chrome/80.0.3987.165 Electron/8.3.1 Safari/537.36",
  "accept": "*/*",
  "accept-encoding": "gzip, deflate"
}

-----------------------------------------------------------

The response we got was:

Status: 400 - Bad Request
Headers: {
  "server": "nginx/1.17.10",
  "date": "Tue, 21 Jul 2020 19:44:05 GMT",
  "content-type": "text/plain",
  "content-length": "62",
  "connection": "keep-alive",
  "strict-transport-security": "max-age=15724800; includeSubDomains"
}
Body: Parameter values are invalid. Please check the paramter format


https://on.cypress.io/request
    at https://omar.ossim.io/__cypress/runner/cypress_runner.js:157692:21
    at tryCatcher (https://omar.ossim.io/__cypress/runner/cypress_runner.js:9956:23)
    at Promise._settlePromiseFromHandler (https://omar.ossim.io/__cypress/runner/cypress_runner.js:7891:31)
    at Promise._settlePromise (https://omar.ossim.io/__cypress/runner/cypress_runner.js:7948:18)
    at Promise._settlePromise0 (https://omar.ossim.io/__cypress/runner/cypress_runner.js:7993:10)
    at Promise._settlePromises (https://omar.ossim.io/__cypress/runner/cypress_runner.js:8073:18)
    at _drainQueueStep (https://omar.ossim.io/__cypress/runner/cypress_runner.js:4663:12)
    at _drainQueue (https://omar.ossim.io/__cypress/runner/cypress_runner.js:4656:9)
    at Async.../../node_modules/bluebird/js/release/async.js.Async._drainQueues (https://omar.ossim.io/__cypress/runner/cypress_runner.js:4672:5)
    at Async.drainQueues (https://omar.ossim.io/__cypress/runner/cypress_runner.js:4542:14)
From Your Spec Code:
    at Context.eval (https://omar.ossim.io/__cypress/tests?p=cypress/integration/APITesting.js:26:12)]]></failure>
    </testcase>
    <testcase name="Automated tests for the omar-oms methods Should test 200 code for ortho default values" time="0" classname="Should test 200 code for ortho default values">
      <failure message="`cy.request()` failed on:

https://omar.ossim.io/omar-oms/chipper/ortho?filename=/data/s3/adhoc/16SEP08110841-M1BS-055998376010_01_P006.TIF

The response we received from your web server was:

  &gt; 400: Bad Request

This was considered a failure because the status code was not `2xx` or `3xx`.

If you do not want status codes to cause failures pass the option: `failOnStatusCode: false`

-----------------------------------------------------------

The request we sent was:

Method: GET
URL: https://omar.ossim.io/omar-oms/chipper/ortho?filename=/data/s3/adhoc/16SEP08110841-M1BS-055998376010_01_P006.TIF
Headers: {
  &quot;Connection&quot;: &quot;keep-alive&quot;,
  &quot;user-agent&quot;: &quot;Mozilla/5.0 (X11; Linux x86_64) AppleWebKit/537.36 (KHTML, like Gecko) Cypress/4.11.0 Chrome/80.0.3987.165 Electron/8.3.1 Safari/537.36&quot;,
  &quot;accept&quot;: &quot;*/*&quot;,
  &quot;accept-encoding&quot;: &quot;gzip, deflate&quot;
}

-----------------------------------------------------------

The response we got was:

Status: 400 - Bad Request
Headers: {
  &quot;server&quot;: &quot;nginx/1.17.10&quot;,
  &quot;date&quot;: &quot;Tue, 21 Jul 2020 19:44:05 GMT&quot;,
  &quot;content-type&quot;: &quot;text/plain&quot;,
  &quot;content-length&quot;: &quot;62&quot;,
  &quot;connection&quot;: &quot;keep-alive&quot;,
  &quot;strict-transport-security&quot;: &quot;max-age=15724800; includeSubDomains&quot;
}
Body: Parameter values are invalid. Please check the paramter format


https://on.cypress.io/request" type="CypressError"><![CDATA[CypressError: `cy.request()` failed on:

https://omar.ossim.io/omar-oms/chipper/ortho?filename=/data/s3/adhoc/16SEP08110841-M1BS-055998376010_01_P006.TIF

The response we received from your web server was:

  > 400: Bad Request

This was considered a failure because the status code was not `2xx` or `3xx`.

If you do not want status codes to cause failures pass the option: `failOnStatusCode: false`

-----------------------------------------------------------

The request we sent was:

Method: GET
URL: https://omar.ossim.io/omar-oms/chipper/ortho?filename=/data/s3/adhoc/16SEP08110841-M1BS-055998376010_01_P006.TIF
Headers: {
  "Connection": "keep-alive",
  "user-agent": "Mozilla/5.0 (X11; Linux x86_64) AppleWebKit/537.36 (KHTML, like Gecko) Cypress/4.11.0 Chrome/80.0.3987.165 Electron/8.3.1 Safari/537.36",
  "accept": "*/*",
  "accept-encoding": "gzip, deflate"
}

-----------------------------------------------------------

The response we got was:

Status: 400 - Bad Request
Headers: {
  "server": "nginx/1.17.10",
  "date": "Tue, 21 Jul 2020 19:44:05 GMT",
  "content-type": "text/plain",
  "content-length": "62",
  "connection": "keep-alive",
  "strict-transport-security": "max-age=15724800; includeSubDomains"
}
Body: Parameter values are invalid. Please check the paramter format


https://on.cypress.io/request
    at https://omar.ossim.io/__cypress/runner/cypress_runner.js:157692:21
    at tryCatcher (https://omar.ossim.io/__cypress/runner/cypress_runner.js:9956:23)
    at Promise._settlePromiseFromHandler (https://omar.ossim.io/__cypress/runner/cypress_runner.js:7891:31)
    at Promise._settlePromise (https://omar.ossim.io/__cypress/runner/cypress_runner.js:7948:18)
    at Promise._settlePromise0 (https://omar.ossim.io/__cypress/runner/cypress_runner.js:7993:10)
    at Promise._settlePromises (https://omar.ossim.io/__cypress/runner/cypress_runner.js:8073:18)
    at _drainQueueStep (https://omar.ossim.io/__cypress/runner/cypress_runner.js:4663:12)
    at _drainQueue (https://omar.ossim.io/__cypress/runner/cypress_runner.js:4656:9)
    at Async.../../node_modules/bluebird/js/release/async.js.Async._drainQueues (https://omar.ossim.io/__cypress/runner/cypress_runner.js:4672:5)
    at Async.drainQueues (https://omar.ossim.io/__cypress/runner/cypress_runner.js:4542:14)
From Your Spec Code:
    at Context.eval (https://omar.ossim.io/__cypress/tests?p=cypress/integration/APITesting.js:21:12)]]></failure>
    </testcase>
    <testcase name="Automated tests for the omar-oms methods Should test response header for ortho" time="0" classname="Should test response header for ortho">
      <failure message="`cy.request()` failed on:

https://omar.ossim.io/omar-oms/chipper/ortho?filename=/data/s3/adhoc/16SEP08110841-M1BS-055998376010_01_P006.TIF

The response we received from your web server was:

  &gt; 400: Bad Request

This was considered a failure because the status code was not `2xx` or `3xx`.

If you do not want status codes to cause failures pass the option: `failOnStatusCode: false`

-----------------------------------------------------------

The request we sent was:

Method: GET
URL: https://omar.ossim.io/omar-oms/chipper/ortho?filename=/data/s3/adhoc/16SEP08110841-M1BS-055998376010_01_P006.TIF
Headers: {
  &quot;Connection&quot;: &quot;keep-alive&quot;,
  &quot;user-agent&quot;: &quot;Mozilla/5.0 (X11; Linux x86_64) AppleWebKit/537.36 (KHTML, like Gecko) Cypress/4.11.0 Chrome/80.0.3987.165 Electron/8.3.1 Safari/537.36&quot;,
  &quot;accept&quot;: &quot;*/*&quot;,
  &quot;accept-encoding&quot;: &quot;gzip, deflate&quot;
}

-----------------------------------------------------------

The response we got was:

Status: 400 - Bad Request
Headers: {
  &quot;server&quot;: &quot;nginx/1.17.10&quot;,
  &quot;date&quot;: &quot;Tue, 21 Jul 2020 19:44:05 GMT&quot;,
  &quot;content-type&quot;: &quot;text/plain&quot;,
  &quot;content-length&quot;: &quot;62&quot;,
  &quot;connection&quot;: &quot;keep-alive&quot;,
  &quot;strict-transport-security&quot;: &quot;max-age=15724800; includeSubDomains&quot;
}
Body: Parameter values are invalid. Please check the paramter format


https://on.cypress.io/request" type="CypressError"><![CDATA[CypressError: `cy.request()` failed on:

https://omar.ossim.io/omar-oms/chipper/ortho?filename=/data/s3/adhoc/16SEP08110841-M1BS-055998376010_01_P006.TIF

The response we received from your web server was:

  > 400: Bad Request

This was considered a failure because the status code was not `2xx` or `3xx`.

If you do not want status codes to cause failures pass the option: `failOnStatusCode: false`

-----------------------------------------------------------

The request we sent was:

Method: GET
URL: https://omar.ossim.io/omar-oms/chipper/ortho?filename=/data/s3/adhoc/16SEP08110841-M1BS-055998376010_01_P006.TIF
Headers: {
  "Connection": "keep-alive",
  "user-agent": "Mozilla/5.0 (X11; Linux x86_64) AppleWebKit/537.36 (KHTML, like Gecko) Cypress/4.11.0 Chrome/80.0.3987.165 Electron/8.3.1 Safari/537.36",
  "accept": "*/*",
  "accept-encoding": "gzip, deflate"
}

-----------------------------------------------------------

The response we got was:

Status: 400 - Bad Request
Headers: {
  "server": "nginx/1.17.10",
  "date": "Tue, 21 Jul 2020 19:44:05 GMT",
  "content-type": "text/plain",
  "content-length": "62",
  "connection": "keep-alive",
  "strict-transport-security": "max-age=15724800; includeSubDomains"
}
Body: Parameter values are invalid. Please check the paramter format


https://on.cypress.io/request
    at https://omar.ossim.io/__cypress/runner/cypress_runner.js:157692:21
    at tryCatcher (https://omar.ossim.io/__cypress/runner/cypress_runner.js:9956:23)
    at Promise._settlePromiseFromHandler (https://omar.ossim.io/__cypress/runner/cypress_runner.js:7891:31)
    at Promise._settlePromise (https://omar.ossim.io/__cypress/runner/cypress_runner.js:7948:18)
    at Promise._settlePromise0 (https://omar.ossim.io/__cypress/runner/cypress_runner.js:7993:10)
    at Promise._settlePromises (https://omar.ossim.io/__cypress/runner/cypress_runner.js:8073:18)
    at _drainQueueStep (https://omar.ossim.io/__cypress/runner/cypress_runner.js:4663:12)
    at _drainQueue (https://omar.ossim.io/__cypress/runner/cypress_runner.js:4656:9)
    at Async.../../node_modules/bluebird/js/release/async.js.Async._drainQueues (https://omar.ossim.io/__cypress/runner/cypress_runner.js:4672:5)
    at Async.drainQueues (https://omar.ossim.io/__cypress/runner/cypress_runner.js:4542:14)
From Your Spec Code:
    at Context.eval (https://omar.ossim.io/__cypress/tests?p=cypress/integration/APITesting.js:26:12)]]></failure>
    </testcase>
    <testcase name="Automated tests for the omar-oms methods Should test 200 code for psm default values" time="0" classname="Should test 200 code for psm default values">
      <failure message="`cy.request()` failed on:

https://omar.ossim.io/omar-oms/chipper/psm?filename=/data/s3/adhoc/16SEP08110841-M1BS-055998376010_01_P006.TIF

The response we received from your web server was:

  &gt; 400: Bad Request

This was considered a failure because the status code was not `2xx` or `3xx`.

If you do not want status codes to cause failures pass the option: `failOnStatusCode: false`

-----------------------------------------------------------

The request we sent was:

Method: GET
URL: https://omar.ossim.io/omar-oms/chipper/psm?filename=/data/s3/adhoc/16SEP08110841-M1BS-055998376010_01_P006.TIF
Headers: {
  &quot;Connection&quot;: &quot;keep-alive&quot;,
  &quot;user-agent&quot;: &quot;Mozilla/5.0 (X11; Linux x86_64) AppleWebKit/537.36 (KHTML, like Gecko) Cypress/4.11.0 Chrome/80.0.3987.165 Electron/8.3.1 Safari/537.36&quot;,
  &quot;accept&quot;: &quot;*/*&quot;,
  &quot;accept-encoding&quot;: &quot;gzip, deflate&quot;
}

-----------------------------------------------------------

The response we got was:

Status: 400 - Bad Request
Headers: {
  &quot;server&quot;: &quot;nginx/1.17.10&quot;,
  &quot;date&quot;: &quot;Tue, 21 Jul 2020 19:44:06 GMT&quot;,
  &quot;content-type&quot;: &quot;text/plain&quot;,
  &quot;content-length&quot;: &quot;62&quot;,
  &quot;connection&quot;: &quot;keep-alive&quot;,
  &quot;strict-transport-security&quot;: &quot;max-age=15724800; includeSubDomains&quot;
}
Body: Parameter values are invalid. Please check the paramter format


https://on.cypress.io/request" type="CypressError"><![CDATA[CypressError: `cy.request()` failed on:

https://omar.ossim.io/omar-oms/chipper/psm?filename=/data/s3/adhoc/16SEP08110841-M1BS-055998376010_01_P006.TIF

The response we received from your web server was:

  > 400: Bad Request

This was considered a failure because the status code was not `2xx` or `3xx`.

If you do not want status codes to cause failures pass the option: `failOnStatusCode: false`

-----------------------------------------------------------

The request we sent was:

Method: GET
URL: https://omar.ossim.io/omar-oms/chipper/psm?filename=/data/s3/adhoc/16SEP08110841-M1BS-055998376010_01_P006.TIF
Headers: {
  "Connection": "keep-alive",
  "user-agent": "Mozilla/5.0 (X11; Linux x86_64) AppleWebKit/537.36 (KHTML, like Gecko) Cypress/4.11.0 Chrome/80.0.3987.165 Electron/8.3.1 Safari/537.36",
  "accept": "*/*",
  "accept-encoding": "gzip, deflate"
}

-----------------------------------------------------------

The response we got was:

Status: 400 - Bad Request
Headers: {
  "server": "nginx/1.17.10",
  "date": "Tue, 21 Jul 2020 19:44:06 GMT",
  "content-type": "text/plain",
  "content-length": "62",
  "connection": "keep-alive",
  "strict-transport-security": "max-age=15724800; includeSubDomains"
}
Body: Parameter values are invalid. Please check the paramter format


https://on.cypress.io/request
    at https://omar.ossim.io/__cypress/runner/cypress_runner.js:157692:21
    at tryCatcher (https://omar.ossim.io/__cypress/runner/cypress_runner.js:9956:23)
    at Promise._settlePromiseFromHandler (https://omar.ossim.io/__cypress/runner/cypress_runner.js:7891:31)
    at Promise._settlePromise (https://omar.ossim.io/__cypress/runner/cypress_runner.js:7948:18)
    at Promise._settlePromise0 (https://omar.ossim.io/__cypress/runner/cypress_runner.js:7993:10)
    at Promise._settlePromises (https://omar.ossim.io/__cypress/runner/cypress_runner.js:8073:18)
    at _drainQueueStep (https://omar.ossim.io/__cypress/runner/cypress_runner.js:4663:12)
    at _drainQueue (https://omar.ossim.io/__cypress/runner/cypress_runner.js:4656:9)
    at Async.../../node_modules/bluebird/js/release/async.js.Async._drainQueues (https://omar.ossim.io/__cypress/runner/cypress_runner.js:4672:5)
    at Async.drainQueues (https://omar.ossim.io/__cypress/runner/cypress_runner.js:4542:14)
From Your Spec Code:
    at Context.eval (https://omar.ossim.io/__cypress/tests?p=cypress/integration/APITesting.js:21:12)]]></failure>
    </testcase>
    <testcase name="Automated tests for the omar-oms methods Should test response header for psm" time="0" classname="Should test response header for psm">
      <failure message="`cy.request()` failed on:

https://omar.ossim.io/omar-oms/chipper/psm?filename=/data/s3/adhoc/16SEP08110841-M1BS-055998376010_01_P006.TIF

The response we received from your web server was:

  &gt; 400: Bad Request

This was considered a failure because the status code was not `2xx` or `3xx`.

If you do not want status codes to cause failures pass the option: `failOnStatusCode: false`

-----------------------------------------------------------

The request we sent was:

Method: GET
URL: https://omar.ossim.io/omar-oms/chipper/psm?filename=/data/s3/adhoc/16SEP08110841-M1BS-055998376010_01_P006.TIF
Headers: {
  &quot;Connection&quot;: &quot;keep-alive&quot;,
  &quot;user-agent&quot;: &quot;Mozilla/5.0 (X11; Linux x86_64) AppleWebKit/537.36 (KHTML, like Gecko) Cypress/4.11.0 Chrome/80.0.3987.165 Electron/8.3.1 Safari/537.36&quot;,
  &quot;accept&quot;: &quot;*/*&quot;,
  &quot;accept-encoding&quot;: &quot;gzip, deflate&quot;
}

-----------------------------------------------------------

The response we got was:

Status: 400 - Bad Request
Headers: {
  &quot;server&quot;: &quot;nginx/1.17.10&quot;,
  &quot;date&quot;: &quot;Tue, 21 Jul 2020 19:44:06 GMT&quot;,
  &quot;content-type&quot;: &quot;text/plain&quot;,
  &quot;content-length&quot;: &quot;62&quot;,
  &quot;connection&quot;: &quot;keep-alive&quot;,
  &quot;strict-transport-security&quot;: &quot;max-age=15724800; includeSubDomains&quot;
}
Body: Parameter values are invalid. Please check the paramter format


https://on.cypress.io/request" type="CypressError"><![CDATA[CypressError: `cy.request()` failed on:

https://omar.ossim.io/omar-oms/chipper/psm?filename=/data/s3/adhoc/16SEP08110841-M1BS-055998376010_01_P006.TIF

The response we received from your web server was:

  > 400: Bad Request

This was considered a failure because the status code was not `2xx` or `3xx`.

If you do not want status codes to cause failures pass the option: `failOnStatusCode: false`

-----------------------------------------------------------

The request we sent was:

Method: GET
URL: https://omar.ossim.io/omar-oms/chipper/psm?filename=/data/s3/adhoc/16SEP08110841-M1BS-055998376010_01_P006.TIF
Headers: {
  "Connection": "keep-alive",
  "user-agent": "Mozilla/5.0 (X11; Linux x86_64) AppleWebKit/537.36 (KHTML, like Gecko) Cypress/4.11.0 Chrome/80.0.3987.165 Electron/8.3.1 Safari/537.36",
  "accept": "*/*",
  "accept-encoding": "gzip, deflate"
}

-----------------------------------------------------------

The response we got was:

Status: 400 - Bad Request
Headers: {
  "server": "nginx/1.17.10",
  "date": "Tue, 21 Jul 2020 19:44:06 GMT",
  "content-type": "text/plain",
  "content-length": "62",
  "connection": "keep-alive",
  "strict-transport-security": "max-age=15724800; includeSubDomains"
}
Body: Parameter values are invalid. Please check the paramter format


https://on.cypress.io/request
    at https://omar.ossim.io/__cypress/runner/cypress_runner.js:157692:21
    at tryCatcher (https://omar.ossim.io/__cypress/runner/cypress_runner.js:9956:23)
    at Promise._settlePromiseFromHandler (https://omar.ossim.io/__cypress/runner/cypress_runner.js:7891:31)
    at Promise._settlePromise (https://omar.ossim.io/__cypress/runner/cypress_runner.js:7948:18)
    at Promise._settlePromise0 (https://omar.ossim.io/__cypress/runner/cypress_runner.js:7993:10)
    at Promise._settlePromises (https://omar.ossim.io/__cypress/runner/cypress_runner.js:8073:18)
    at _drainQueueStep (https://omar.ossim.io/__cypress/runner/cypress_runner.js:4663:12)
    at _drainQueue (https://omar.ossim.io/__cypress/runner/cypress_runner.js:4656:9)
    at Async.../../node_modules/bluebird/js/release/async.js.Async._drainQueues (https://omar.ossim.io/__cypress/runner/cypress_runner.js:4672:5)
    at Async.drainQueues (https://omar.ossim.io/__cypress/runner/cypress_runner.js:4542:14)
From Your Spec Code:
    at Context.eval (https://omar.ossim.io/__cypress/tests?p=cypress/integration/APITesting.js:26:12)]]></failure>
    </testcase>
    <testcase name="Automated tests for the omar-oms methods Should test 200 code for imageSpaceGetTile default values" time="0" classname="Should test 200 code for imageSpaceGetTile default values">
      <failure message="`cy.request()` failed on:

https://omar.ossim.io/omar-oms/imageSpace/imageSpaceGetTile?filename=/data/s3/adhoc/16SEP08110841-M1BS-055998376010_01_P006.TIF

The response we received from your web server was:

  &gt; 404: Not Found

This was considered a failure because the status code was not `2xx` or `3xx`.

If you do not want status codes to cause failures pass the option: `failOnStatusCode: false`

-----------------------------------------------------------

The request we sent was:

Method: GET
URL: https://omar.ossim.io/omar-oms/imageSpace/imageSpaceGetTile?filename=/data/s3/adhoc/16SEP08110841-M1BS-055998376010_01_P006.TIF
Headers: {
  &quot;Connection&quot;: &quot;keep-alive&quot;,
  &quot;user-agent&quot;: &quot;Mozilla/5.0 (X11; Linux x86_64) AppleWebKit/537.36 (KHTML, like Gecko) Cypress/4.11.0 Chrome/80.0.3987.165 Electron/8.3.1 Safari/537.36&quot;,
  &quot;accept&quot;: &quot;*/*&quot;,
  &quot;accept-encoding&quot;: &quot;gzip, deflate&quot;
}

-----------------------------------------------------------

The response we got was:

Status: 404 - Not Found
Headers: {
  &quot;server&quot;: &quot;nginx/1.17.10&quot;,
  &quot;date&quot;: &quot;Tue, 21 Jul 2020 19:44:06 GMT&quot;,
  &quot;content-type&quot;: &quot;text/html;charset=UTF-8&quot;,
  &quot;transfer-encoding&quot;: &quot;chunked&quot;,
  &quot;connection&quot;: &quot;keep-alive&quot;,
  &quot;vary&quot;: &quot;Accept-Encoding&quot;,
  &quot;content-language&quot;: &quot;en-US&quot;,
  &quot;strict-transport-security&quot;: &quot;max-age=15724800; includeSubDomains&quot;,
  &quot;content-encoding&quot;: &quot;gzip&quot;
}
Body: &lt;!doctype html&gt;
&lt;html lang=&quot;en&quot; class=&quot;no-js&quot;&gt;
&lt;head&gt;
    &lt;meta http-equiv=&quot;Content-Type&quot; content=&quot;text/html; charset=UTF-8&quot;/&gt;
    &lt;meta http-equiv=&quot;X-UA-Compatible&quot; content=&quot;IE=edge&quot;/&gt;
    &lt;title&gt;
        Page Not Found
    &lt;/title&gt;
    &lt;meta name=&quot;viewport&quot; content=&quot;width=device-width, initial-scale=1&quot;/&gt;
    &lt;link rel=&quot;icon&quot; type=&quot;image/x-ico&quot; href=&quot;/omar-oms/assets/favicon-49590fbc002f678b0b150e37e6276d71.ico&quot;/&gt;

    &lt;link rel=&quot;stylesheet&quot; href=&quot;/omar-oms/assets/application-763882b518f3cbb991d9a54b44ebb949.css&quot; /&gt;

    
        
        &lt;meta name=&quot;layout&quot; content=&quot;main&quot;&gt;
        
    
&lt;/head&gt;

&lt;body&gt;

&lt;nav class=&quot;navbar navbar-expand-lg navbar-dark navbar-static-top&quot; role=&quot;navigation&quot;&gt;
    &lt;a class=&quot;navbar-brand&quot; href=&quot;/#&quot;&gt;&lt;img src=&quot;/omar-oms/assets/grails-cda5b2716e249b1f09558c5c3aa79ddb.svg&quot; alt=&quot;Grails Logo&quot;/&gt;&lt;/a&gt;
    &lt;button class=&quot;navbar-toggler&quot; type=&quot;button&quot; data-toggle=&quot;collapse&quot; data-target=&quot;#navbarContent&quot; aria-controls=&quot;navbarContent&quot; aria-expanded=&quot;false&quot; aria-label=&quot;Toggle navigation&quot;&gt;
        &lt;span class=&quot;navbar-toggler-icon&quot;&gt;&lt;/span&gt;
    &lt;/button&gt;

    &lt;div class=&quot;collapse navbar-collapse&quot; aria-expanded=&quot;false&quot; style=&quot;height: 0.8px;&quot; id=&quot;navbarContent&quot;&gt;
        &lt;ul class=&quot;nav navbar-nav ml-auto&quot;&gt;
  
        &lt;/ul&gt;
    &lt;/div&gt;

&lt;/nav&gt;

        &lt;ul class=&quot;errors&quot;&gt;
  &lt;li&gt;Error: Page Not Found (404)&lt;/li&gt;
  &lt;li&gt;Path: /omar-oms/imageSpace/imageSpaceGetTile&lt;/li&gt;
        &lt;/ul&gt;
    

&lt;div class=&quot;footer row&quot; role=&quot;contentinfo&quot;&gt;
    &lt;div class=&quot;col&quot;&gt;
        &lt;a href=&quot;http://guides.grails.org&quot; target=&quot;_blank&quot;&gt;
  &lt;img src=&quot;/omar-oms/assets/advancedgrails-06b528621d135871fdd9cdc988916970.svg&quot; alt=&quot;Grails Guides&quot; class=&quot;float-left&quot;/&gt;
        &lt;/a&gt;
        &lt;strong class=&quot;centered&quot;&gt;&lt;a href=&quot;http://guides.grails.org&quot; target=&quot;_blank&quot;&gt;Grails Guides&lt;/a&gt;&lt;/strong&gt;
        &lt;p&gt;Building your first Grails app? Looking to add security, or create a Single-Page-App? Check out the &lt;a href=&quot;http://guides.grails.org&quot; target=&quot;_blank&quot;&gt;Grails ...


https://on.cypress.io/request" type="CypressError"><![CDATA[CypressError: `cy.request()` failed on:

https://omar.ossim.io/omar-oms/imageSpace/imageSpaceGetTile?filename=/data/s3/adhoc/16SEP08110841-M1BS-055998376010_01_P006.TIF

The response we received from your web server was:

  > 404: Not Found

This was considered a failure because the status code was not `2xx` or `3xx`.

If you do not want status codes to cause failures pass the option: `failOnStatusCode: false`

-----------------------------------------------------------

The request we sent was:

Method: GET
URL: https://omar.ossim.io/omar-oms/imageSpace/imageSpaceGetTile?filename=/data/s3/adhoc/16SEP08110841-M1BS-055998376010_01_P006.TIF
Headers: {
  "Connection": "keep-alive",
  "user-agent": "Mozilla/5.0 (X11; Linux x86_64) AppleWebKit/537.36 (KHTML, like Gecko) Cypress/4.11.0 Chrome/80.0.3987.165 Electron/8.3.1 Safari/537.36",
  "accept": "*/*",
  "accept-encoding": "gzip, deflate"
}

-----------------------------------------------------------

The response we got was:

Status: 404 - Not Found
Headers: {
  "server": "nginx/1.17.10",
  "date": "Tue, 21 Jul 2020 19:44:06 GMT",
  "content-type": "text/html;charset=UTF-8",
  "transfer-encoding": "chunked",
  "connection": "keep-alive",
  "vary": "Accept-Encoding",
  "content-language": "en-US",
  "strict-transport-security": "max-age=15724800; includeSubDomains",
  "content-encoding": "gzip"
}
Body: <!doctype html>
<html lang="en" class="no-js">
<head>
    <meta http-equiv="Content-Type" content="text/html; charset=UTF-8"/>
    <meta http-equiv="X-UA-Compatible" content="IE=edge"/>
    <title>
        Page Not Found
    </title>
    <meta name="viewport" content="width=device-width, initial-scale=1"/>
    <link rel="icon" type="image/x-ico" href="/omar-oms/assets/favicon-49590fbc002f678b0b150e37e6276d71.ico"/>

    <link rel="stylesheet" href="/omar-oms/assets/application-763882b518f3cbb991d9a54b44ebb949.css" />

    
        
        <meta name="layout" content="main">
        
    
</head>

<body>

<nav class="navbar navbar-expand-lg navbar-dark navbar-static-top" role="navigation">
    <a class="navbar-brand" href="/#"><img src="/omar-oms/assets/grails-cda5b2716e249b1f09558c5c3aa79ddb.svg" alt="Grails Logo"/></a>
    <button class="navbar-toggler" type="button" data-toggle="collapse" data-target="#navbarContent" aria-controls="navbarContent" aria-expanded="false" aria-label="Toggle navigation">
        <span class="navbar-toggler-icon"></span>
    </button>

    <div class="collapse navbar-collapse" aria-expanded="false" style="height: 0.8px;" id="navbarContent">
        <ul class="nav navbar-nav ml-auto">
  
        </ul>
    </div>

</nav>

        <ul class="errors">
  <li>Error: Page Not Found (404)</li>
  <li>Path: /omar-oms/imageSpace/imageSpaceGetTile</li>
        </ul>
    

<div class="footer row" role="contentinfo">
    <div class="col">
        <a href="http://guides.grails.org" target="_blank">
  <img src="/omar-oms/assets/advancedgrails-06b528621d135871fdd9cdc988916970.svg" alt="Grails Guides" class="float-left"/>
        </a>
        <strong class="centered"><a href="http://guides.grails.org" target="_blank">Grails Guides</a></strong>
        <p>Building your first Grails app? Looking to add security, or create a Single-Page-App? Check out the <a href="http://guides.grails.org" target="_blank">Grails ...


https://on.cypress.io/request
    at https://omar.ossim.io/__cypress/runner/cypress_runner.js:157692:21
    at tryCatcher (https://omar.ossim.io/__cypress/runner/cypress_runner.js:9956:23)
    at Promise._settlePromiseFromHandler (https://omar.ossim.io/__cypress/runner/cypress_runner.js:7891:31)
    at Promise._settlePromise (https://omar.ossim.io/__cypress/runner/cypress_runner.js:7948:18)
    at Promise._settlePromise0 (https://omar.ossim.io/__cypress/runner/cypress_runner.js:7993:10)
    at Promise._settlePromises (https://omar.ossim.io/__cypress/runner/cypress_runner.js:8073:18)
    at _drainQueueStep (https://omar.ossim.io/__cypress/runner/cypress_runner.js:4663:12)
    at _drainQueue (https://omar.ossim.io/__cypress/runner/cypress_runner.js:4656:9)
    at Async.../../node_modules/bluebird/js/release/async.js.Async._drainQueues (https://omar.ossim.io/__cypress/runner/cypress_runner.js:4672:5)
    at Async.drainQueues (https://omar.ossim.io/__cypress/runner/cypress_runner.js:4542:14)
From Your Spec Code:
    at Context.eval (https://omar.ossim.io/__cypress/tests?p=cypress/integration/APITesting.js:21:12)]]></failure>
    </testcase>
    <testcase name="Automated tests for the omar-oms methods Should test response header for imageSpaceGetTile" time="0" classname="Should test response header for imageSpaceGetTile">
      <failure message="`cy.request()` failed on:

https://omar.ossim.io/omar-oms/imageSpace/imageSpaceGetTile?filename=/data/s3/adhoc/16SEP08110841-M1BS-055998376010_01_P006.TIF

The response we received from your web server was:

  &gt; 404: Not Found

This was considered a failure because the status code was not `2xx` or `3xx`.

If you do not want status codes to cause failures pass the option: `failOnStatusCode: false`

-----------------------------------------------------------

The request we sent was:

Method: GET
URL: https://omar.ossim.io/omar-oms/imageSpace/imageSpaceGetTile?filename=/data/s3/adhoc/16SEP08110841-M1BS-055998376010_01_P006.TIF
Headers: {
  &quot;Connection&quot;: &quot;keep-alive&quot;,
  &quot;user-agent&quot;: &quot;Mozilla/5.0 (X11; Linux x86_64) AppleWebKit/537.36 (KHTML, like Gecko) Cypress/4.11.0 Chrome/80.0.3987.165 Electron/8.3.1 Safari/537.36&quot;,
  &quot;accept&quot;: &quot;*/*&quot;,
  &quot;accept-encoding&quot;: &quot;gzip, deflate&quot;
}

-----------------------------------------------------------

The response we got was:

Status: 404 - Not Found
Headers: {
  &quot;server&quot;: &quot;nginx/1.17.10&quot;,
  &quot;date&quot;: &quot;Tue, 21 Jul 2020 19:44:07 GMT&quot;,
  &quot;content-type&quot;: &quot;text/html;charset=UTF-8&quot;,
  &quot;transfer-encoding&quot;: &quot;chunked&quot;,
  &quot;connection&quot;: &quot;keep-alive&quot;,
  &quot;vary&quot;: &quot;Accept-Encoding&quot;,
  &quot;content-language&quot;: &quot;en-US&quot;,
  &quot;strict-transport-security&quot;: &quot;max-age=15724800; includeSubDomains&quot;,
  &quot;content-encoding&quot;: &quot;gzip&quot;
}
Body: &lt;!doctype html&gt;
&lt;html lang=&quot;en&quot; class=&quot;no-js&quot;&gt;
&lt;head&gt;
    &lt;meta http-equiv=&quot;Content-Type&quot; content=&quot;text/html; charset=UTF-8&quot;/&gt;
    &lt;meta http-equiv=&quot;X-UA-Compatible&quot; content=&quot;IE=edge&quot;/&gt;
    &lt;title&gt;
        Page Not Found
    &lt;/title&gt;
    &lt;meta name=&quot;viewport&quot; content=&quot;width=device-width, initial-scale=1&quot;/&gt;
    &lt;link rel=&quot;icon&quot; type=&quot;image/x-ico&quot; href=&quot;/omar-oms/assets/favicon-49590fbc002f678b0b150e37e6276d71.ico&quot;/&gt;

    &lt;link rel=&quot;stylesheet&quot; href=&quot;/omar-oms/assets/application-763882b518f3cbb991d9a54b44ebb949.css&quot; /&gt;

    
        
        &lt;meta name=&quot;layout&quot; content=&quot;main&quot;&gt;
        
    
&lt;/head&gt;

&lt;body&gt;

&lt;nav class=&quot;navbar navbar-expand-lg navbar-dark navbar-static-top&quot; role=&quot;navigation&quot;&gt;
    &lt;a class=&quot;navbar-brand&quot; href=&quot;/#&quot;&gt;&lt;img src=&quot;/omar-oms/assets/grails-cda5b2716e249b1f09558c5c3aa79ddb.svg&quot; alt=&quot;Grails Logo&quot;/&gt;&lt;/a&gt;
    &lt;button class=&quot;navbar-toggler&quot; type=&quot;button&quot; data-toggle=&quot;collapse&quot; data-target=&quot;#navbarContent&quot; aria-controls=&quot;navbarContent&quot; aria-expanded=&quot;false&quot; aria-label=&quot;Toggle navigation&quot;&gt;
        &lt;span class=&quot;navbar-toggler-icon&quot;&gt;&lt;/span&gt;
    &lt;/button&gt;

    &lt;div class=&quot;collapse navbar-collapse&quot; aria-expanded=&quot;false&quot; style=&quot;height: 0.8px;&quot; id=&quot;navbarContent&quot;&gt;
        &lt;ul class=&quot;nav navbar-nav ml-auto&quot;&gt;
  
        &lt;/ul&gt;
    &lt;/div&gt;

&lt;/nav&gt;

        &lt;ul class=&quot;errors&quot;&gt;
  &lt;li&gt;Error: Page Not Found (404)&lt;/li&gt;
  &lt;li&gt;Path: /omar-oms/imageSpace/imageSpaceGetTile&lt;/li&gt;
        &lt;/ul&gt;
    

&lt;div class=&quot;footer row&quot; role=&quot;contentinfo&quot;&gt;
    &lt;div class=&quot;col&quot;&gt;
        &lt;a href=&quot;http://guides.grails.org&quot; target=&quot;_blank&quot;&gt;
  &lt;img src=&quot;/omar-oms/assets/advancedgrails-06b528621d135871fdd9cdc988916970.svg&quot; alt=&quot;Grails Guides&quot; class=&quot;float-left&quot;/&gt;
        &lt;/a&gt;
        &lt;strong class=&quot;centered&quot;&gt;&lt;a href=&quot;http://guides.grails.org&quot; target=&quot;_blank&quot;&gt;Grails Guides&lt;/a&gt;&lt;/strong&gt;
        &lt;p&gt;Building your first Grails app? Looking to add security, or create a Single-Page-App? Check out the &lt;a href=&quot;http://guides.grails.org&quot; target=&quot;_blank&quot;&gt;Grails ...


https://on.cypress.io/request" type="CypressError"><![CDATA[CypressError: `cy.request()` failed on:

https://omar.ossim.io/omar-oms/imageSpace/imageSpaceGetTile?filename=/data/s3/adhoc/16SEP08110841-M1BS-055998376010_01_P006.TIF

The response we received from your web server was:

  > 404: Not Found

This was considered a failure because the status code was not `2xx` or `3xx`.

If you do not want status codes to cause failures pass the option: `failOnStatusCode: false`

-----------------------------------------------------------

The request we sent was:

Method: GET
URL: https://omar.ossim.io/omar-oms/imageSpace/imageSpaceGetTile?filename=/data/s3/adhoc/16SEP08110841-M1BS-055998376010_01_P006.TIF
Headers: {
  "Connection": "keep-alive",
  "user-agent": "Mozilla/5.0 (X11; Linux x86_64) AppleWebKit/537.36 (KHTML, like Gecko) Cypress/4.11.0 Chrome/80.0.3987.165 Electron/8.3.1 Safari/537.36",
  "accept": "*/*",
  "accept-encoding": "gzip, deflate"
}

-----------------------------------------------------------

The response we got was:

Status: 404 - Not Found
Headers: {
  "server": "nginx/1.17.10",
  "date": "Tue, 21 Jul 2020 19:44:07 GMT",
  "content-type": "text/html;charset=UTF-8",
  "transfer-encoding": "chunked",
  "connection": "keep-alive",
  "vary": "Accept-Encoding",
  "content-language": "en-US",
  "strict-transport-security": "max-age=15724800; includeSubDomains",
  "content-encoding": "gzip"
}
Body: <!doctype html>
<html lang="en" class="no-js">
<head>
    <meta http-equiv="Content-Type" content="text/html; charset=UTF-8"/>
    <meta http-equiv="X-UA-Compatible" content="IE=edge"/>
    <title>
        Page Not Found
    </title>
    <meta name="viewport" content="width=device-width, initial-scale=1"/>
    <link rel="icon" type="image/x-ico" href="/omar-oms/assets/favicon-49590fbc002f678b0b150e37e6276d71.ico"/>

    <link rel="stylesheet" href="/omar-oms/assets/application-763882b518f3cbb991d9a54b44ebb949.css" />

    
        
        <meta name="layout" content="main">
        
    
</head>

<body>

<nav class="navbar navbar-expand-lg navbar-dark navbar-static-top" role="navigation">
    <a class="navbar-brand" href="/#"><img src="/omar-oms/assets/grails-cda5b2716e249b1f09558c5c3aa79ddb.svg" alt="Grails Logo"/></a>
    <button class="navbar-toggler" type="button" data-toggle="collapse" data-target="#navbarContent" aria-controls="navbarContent" aria-expanded="false" aria-label="Toggle navigation">
        <span class="navbar-toggler-icon"></span>
    </button>

    <div class="collapse navbar-collapse" aria-expanded="false" style="height: 0.8px;" id="navbarContent">
        <ul class="nav navbar-nav ml-auto">
  
        </ul>
    </div>

</nav>

        <ul class="errors">
  <li>Error: Page Not Found (404)</li>
  <li>Path: /omar-oms/imageSpace/imageSpaceGetTile</li>
        </ul>
    

<div class="footer row" role="contentinfo">
    <div class="col">
        <a href="http://guides.grails.org" target="_blank">
  <img src="/omar-oms/assets/advancedgrails-06b528621d135871fdd9cdc988916970.svg" alt="Grails Guides" class="float-left"/>
        </a>
        <strong class="centered"><a href="http://guides.grails.org" target="_blank">Grails Guides</a></strong>
        <p>Building your first Grails app? Looking to add security, or create a Single-Page-App? Check out the <a href="http://guides.grails.org" target="_blank">Grails ...


https://on.cypress.io/request
    at https://omar.ossim.io/__cypress/runner/cypress_runner.js:157692:21
    at tryCatcher (https://omar.ossim.io/__cypress/runner/cypress_runner.js:9956:23)
    at Promise._settlePromiseFromHandler (https://omar.ossim.io/__cypress/runner/cypress_runner.js:7891:31)
    at Promise._settlePromise (https://omar.ossim.io/__cypress/runner/cypress_runner.js:7948:18)
    at Promise._settlePromise0 (https://omar.ossim.io/__cypress/runner/cypress_runner.js:7993:10)
    at Promise._settlePromises (https://omar.ossim.io/__cypress/runner/cypress_runner.js:8073:18)
    at _drainQueueStep (https://omar.ossim.io/__cypress/runner/cypress_runner.js:4663:12)
    at _drainQueue (https://omar.ossim.io/__cypress/runner/cypress_runner.js:4656:9)
    at Async.../../node_modules/bluebird/js/release/async.js.Async._drainQueues (https://omar.ossim.io/__cypress/runner/cypress_runner.js:4672:5)
    at Async.drainQueues (https://omar.ossim.io/__cypress/runner/cypress_runner.js:4542:14)
From Your Spec Code:
    at Context.eval (https://omar.ossim.io/__cypress/tests?p=cypress/integration/APITesting.js:26:12)]]></failure>
    </testcase>
    <testcase name="Automated tests for the omar-oms methods Should test 200 code for getThumbnail default values" time="0.796" classname="Should test 200 code for getThumbnail default values">
    </testcase>
    <testcase name="Automated tests for the omar-oms methods Should test response header for getThumbnail" time="0.249" classname="Should test response header for getThumbnail">
    </testcase>
    <testcase name="Automated tests for the omar-oms methods Should test 200 code for getTileOverlay default values" time="0" classname="Should test 200 code for getTileOverlay default values">
      <failure message="`cy.request()` failed on:

https://omar.ossim.io/omar-oms/imageSpace/getTileOverlay?filename=/data/s3/adhoc/16SEP08110841-M1BS-055998376010_01_P006.TIF

The response we received from your web server was:

  &gt; 500: Server Error

This was considered a failure because the status code was not `2xx` or `3xx`.

If you do not want status codes to cause failures pass the option: `failOnStatusCode: false`

-----------------------------------------------------------

The request we sent was:

Method: GET
URL: https://omar.ossim.io/omar-oms/imageSpace/getTileOverlay?filename=/data/s3/adhoc/16SEP08110841-M1BS-055998376010_01_P006.TIF
Headers: {
  &quot;Connection&quot;: &quot;keep-alive&quot;,
  &quot;user-agent&quot;: &quot;Mozilla/5.0 (X11; Linux x86_64) AppleWebKit/537.36 (KHTML, like Gecko) Cypress/4.11.0 Chrome/80.0.3987.165 Electron/8.3.1 Safari/537.36&quot;,
  &quot;accept&quot;: &quot;*/*&quot;,
  &quot;accept-encoding&quot;: &quot;gzip, deflate&quot;
}

-----------------------------------------------------------

The response we got was:

Status: 500 - Server Error
Headers: {
  &quot;server&quot;: &quot;nginx/1.17.10&quot;,
  &quot;date&quot;: &quot;Tue, 21 Jul 2020 19:44:08 GMT&quot;,
  &quot;content-length&quot;: &quot;0&quot;,
  &quot;connection&quot;: &quot;keep-alive&quot;,
  &quot;strict-transport-security&quot;: &quot;max-age=15724800; includeSubDomains&quot;
}
Body: 


https://on.cypress.io/request" type="CypressError"><![CDATA[CypressError: `cy.request()` failed on:

https://omar.ossim.io/omar-oms/imageSpace/getTileOverlay?filename=/data/s3/adhoc/16SEP08110841-M1BS-055998376010_01_P006.TIF

The response we received from your web server was:

  > 500: Server Error

This was considered a failure because the status code was not `2xx` or `3xx`.

If you do not want status codes to cause failures pass the option: `failOnStatusCode: false`

-----------------------------------------------------------

The request we sent was:

Method: GET
URL: https://omar.ossim.io/omar-oms/imageSpace/getTileOverlay?filename=/data/s3/adhoc/16SEP08110841-M1BS-055998376010_01_P006.TIF
Headers: {
  "Connection": "keep-alive",
  "user-agent": "Mozilla/5.0 (X11; Linux x86_64) AppleWebKit/537.36 (KHTML, like Gecko) Cypress/4.11.0 Chrome/80.0.3987.165 Electron/8.3.1 Safari/537.36",
  "accept": "*/*",
  "accept-encoding": "gzip, deflate"
}

-----------------------------------------------------------

The response we got was:

Status: 500 - Server Error
Headers: {
  "server": "nginx/1.17.10",
  "date": "Tue, 21 Jul 2020 19:44:08 GMT",
  "content-length": "0",
  "connection": "keep-alive",
  "strict-transport-security": "max-age=15724800; includeSubDomains"
}
Body: 


https://on.cypress.io/request
    at https://omar.ossim.io/__cypress/runner/cypress_runner.js:157692:21
    at tryCatcher (https://omar.ossim.io/__cypress/runner/cypress_runner.js:9956:23)
    at Promise._settlePromiseFromHandler (https://omar.ossim.io/__cypress/runner/cypress_runner.js:7891:31)
    at Promise._settlePromise (https://omar.ossim.io/__cypress/runner/cypress_runner.js:7948:18)
    at Promise._settlePromise0 (https://omar.ossim.io/__cypress/runner/cypress_runner.js:7993:10)
    at Promise._settlePromises (https://omar.ossim.io/__cypress/runner/cypress_runner.js:8073:18)
    at _drainQueueStep (https://omar.ossim.io/__cypress/runner/cypress_runner.js:4663:12)
    at _drainQueue (https://omar.ossim.io/__cypress/runner/cypress_runner.js:4656:9)
    at Async.../../node_modules/bluebird/js/release/async.js.Async._drainQueues (https://omar.ossim.io/__cypress/runner/cypress_runner.js:4672:5)
    at Async.drainQueues (https://omar.ossim.io/__cypress/runner/cypress_runner.js:4542:14)
From Your Spec Code:
    at Context.eval (https://omar.ossim.io/__cypress/tests?p=cypress/integration/APITesting.js:21:12)]]></failure>
    </testcase>
    <testcase name="Automated tests for the omar-oms methods Should test response header for getTileOverlay" time="0" classname="Should test response header for getTileOverlay">
      <failure message="`cy.request()` failed on:

https://omar.ossim.io/omar-oms/imageSpace/getTileOverlay?filename=/data/s3/adhoc/16SEP08110841-M1BS-055998376010_01_P006.TIF

The response we received from your web server was:

  &gt; 500: Server Error

This was considered a failure because the status code was not `2xx` or `3xx`.

If you do not want status codes to cause failures pass the option: `failOnStatusCode: false`

-----------------------------------------------------------

The request we sent was:

Method: GET
URL: https://omar.ossim.io/omar-oms/imageSpace/getTileOverlay?filename=/data/s3/adhoc/16SEP08110841-M1BS-055998376010_01_P006.TIF
Headers: {
  &quot;Connection&quot;: &quot;keep-alive&quot;,
  &quot;user-agent&quot;: &quot;Mozilla/5.0 (X11; Linux x86_64) AppleWebKit/537.36 (KHTML, like Gecko) Cypress/4.11.0 Chrome/80.0.3987.165 Electron/8.3.1 Safari/537.36&quot;,
  &quot;accept&quot;: &quot;*/*&quot;,
  &quot;accept-encoding&quot;: &quot;gzip, deflate&quot;
}

-----------------------------------------------------------

The response we got was:

Status: 500 - Server Error
Headers: {
  &quot;server&quot;: &quot;nginx/1.17.10&quot;,
  &quot;date&quot;: &quot;Tue, 21 Jul 2020 19:44:08 GMT&quot;,
  &quot;content-length&quot;: &quot;0&quot;,
  &quot;connection&quot;: &quot;keep-alive&quot;,
  &quot;strict-transport-security&quot;: &quot;max-age=15724800; includeSubDomains&quot;
}
Body: 


https://on.cypress.io/request" type="CypressError"><![CDATA[CypressError: `cy.request()` failed on:

https://omar.ossim.io/omar-oms/imageSpace/getTileOverlay?filename=/data/s3/adhoc/16SEP08110841-M1BS-055998376010_01_P006.TIF

The response we received from your web server was:

  > 500: Server Error

This was considered a failure because the status code was not `2xx` or `3xx`.

If you do not want status codes to cause failures pass the option: `failOnStatusCode: false`

-----------------------------------------------------------

The request we sent was:

Method: GET
URL: https://omar.ossim.io/omar-oms/imageSpace/getTileOverlay?filename=/data/s3/adhoc/16SEP08110841-M1BS-055998376010_01_P006.TIF
Headers: {
  "Connection": "keep-alive",
  "user-agent": "Mozilla/5.0 (X11; Linux x86_64) AppleWebKit/537.36 (KHTML, like Gecko) Cypress/4.11.0 Chrome/80.0.3987.165 Electron/8.3.1 Safari/537.36",
  "accept": "*/*",
  "accept-encoding": "gzip, deflate"
}

-----------------------------------------------------------

The response we got was:

Status: 500 - Server Error
Headers: {
  "server": "nginx/1.17.10",
  "date": "Tue, 21 Jul 2020 19:44:08 GMT",
  "content-length": "0",
  "connection": "keep-alive",
  "strict-transport-security": "max-age=15724800; includeSubDomains"
}
Body: 


https://on.cypress.io/request
    at https://omar.ossim.io/__cypress/runner/cypress_runner.js:157692:21
    at tryCatcher (https://omar.ossim.io/__cypress/runner/cypress_runner.js:9956:23)
    at Promise._settlePromiseFromHandler (https://omar.ossim.io/__cypress/runner/cypress_runner.js:7891:31)
    at Promise._settlePromise (https://omar.ossim.io/__cypress/runner/cypress_runner.js:7948:18)
    at Promise._settlePromise0 (https://omar.ossim.io/__cypress/runner/cypress_runner.js:7993:10)
    at Promise._settlePromises (https://omar.ossim.io/__cypress/runner/cypress_runner.js:8073:18)
    at _drainQueueStep (https://omar.ossim.io/__cypress/runner/cypress_runner.js:4663:12)
    at _drainQueue (https://omar.ossim.io/__cypress/runner/cypress_runner.js:4656:9)
    at Async.../../node_modules/bluebird/js/release/async.js.Async._drainQueues (https://omar.ossim.io/__cypress/runner/cypress_runner.js:4672:5)
    at Async.drainQueues (https://omar.ossim.io/__cypress/runner/cypress_runner.js:4542:14)
From Your Spec Code:
    at Context.eval (https://omar.ossim.io/__cypress/tests?p=cypress/integration/APITesting.js:26:12)]]></failure>
    </testcase>
    <testcase name="FAKE" time="0.1" classname="Should test 200 code for getInfo default values">
    </testcase>
    <testcase name="FAKE" time="0.059" classname="Should test response header for getInfo">
    </testcase>
  </testsuite>
</testsuites>